生成启动时间为 2016/1/18 7:59:06。
     1>项目“J:\TheWaytoGraphic\Light_Tracer\Light_Tracer\Light_Tracer\Light_Tracer.vcxproj”在节点 2 上(Build 个目标)。
     1>ClCompile:
         F:\Program Files\VS12\VC\bin\CL.exe /c /ZI /nologo /W3 /WX- /sdl /Od /Oy- /D WIN32 /D _DEBUG /D _CONSOLE /D _UNICODE /D UNICODE /Gm /EHsc /RTC1 /MDd /GS /fp:precise /Zc:wchar_t /Zc:forScope /Yu"stdafx.h" /Fp"Debug\Light_Tracer.pch" /Fo"Debug\\" /Fd"Debug\vc110.pdb" /Gd /TP /analyze- /errorReport:prompt /p BRDF.cpp Material.cpp texture.cpp tracer.cpp world.cpp
     1>cl : 命令行 warning D9002: 忽略未知选项“/p”
         world.cpp
     1>j:\thewaytographic\light_tracer\light_tracer\light_tracer\utility.h(112): warning C4244: “return”: 从“double”转换到“float”，可能丢失数据
     1>l:\opencv3\opencv\build\include\opencv2\core\mat.hpp(1965): warning C4819: 该文件包含不能在当前代码页(936)中表示的字符。请将该文件保存为 Unicode 格式以防止数据丢失
     1>l:\opencv3\opencv\build\include\opencv2\core\persistence.hpp : warning C4819: 该文件包含不能在当前代码页(936)中表示的字符。请将该文件保存为 Unicode 格式以防止数据丢失
     1>l:\opencv3\opencv\build\include\opencv2\core\utility.hpp : warning C4819: 该文件包含不能在当前代码页(936)中表示的字符。请将该文件保存为 Unicode 格式以防止数据丢失
     1>j:\thewaytographic\light_tracer\light_tracer\light_tracer\world.cpp(91): warning C4305: “参数”: 从“double”到“float”截断
     1>j:\thewaytographic\light_tracer\light_tracer\light_tracer\world.cpp(115): warning C4305: “参数”: 从“double”到“float”截断
     1>j:\thewaytographic\light_tracer\light_tracer\light_tracer\world.cpp(138): warning C4305: “参数”: 从“double”到“float”截断
     1>j:\thewaytographic\light_tracer\light_tracer\light_tracer\world.cpp(164): warning C4305: “参数”: 从“double”到“float”截断
         tracer.cpp
     1>j:\thewaytographic\light_tracer\light_tracer\light_tracer\utility.h(112): warning C4244: “return”: 从“double”转换到“float”，可能丢失数据
     1>l:\opencv3\opencv\build\include\opencv2\core\mat.hpp(1965): warning C4819: 该文件包含不能在当前代码页(936)中表示的字符。请将该文件保存为 Unicode 格式以防止数据丢失
     1>l:\opencv3\opencv\build\include\opencv2\core\persistence.hpp : warning C4819: 该文件包含不能在当前代码页(936)中表示的字符。请将该文件保存为 Unicode 格式以防止数据丢失
     1>l:\opencv3\opencv\build\include\opencv2\core\utility.hpp : warning C4819: 该文件包含不能在当前代码页(936)中表示的字符。请将该文件保存为 Unicode 格式以防止数据丢失
         Material.cpp
     1>j:\thewaytographic\light_tracer\light_tracer\light_tracer\utility.h(112): warning C4244: “return”: 从“double”转换到“float”，可能丢失数据
     1>l:\opencv3\opencv\build\include\opencv2\core\mat.hpp(1965): warning C4819: 该文件包含不能在当前代码页(936)中表示的字符。请将该文件保存为 Unicode 格式以防止数据丢失
     1>l:\opencv3\opencv\build\include\opencv2\core\persistence.hpp : warning C4819: 该文件包含不能在当前代码页(936)中表示的字符。请将该文件保存为 Unicode 格式以防止数据丢失
     1>l:\opencv3\opencv\build\include\opencv2\core\utility.hpp : warning C4819: 该文件包含不能在当前代码页(936)中表示的字符。请将该文件保存为 Unicode 格式以防止数据丢失
     1>j:\thewaytographic\light_tracer\light_tracer\light_tracer\material.cpp(50): warning C4244: “参数”: 从“double”转换到“const float”，可能丢失数据
     1>j:\thewaytographic\light_tracer\light_tracer\light_tracer\material.cpp(108): warning C4244: “参数”: 从“double”转换到“const float”，可能丢失数据
     1>j:\thewaytographic\light_tracer\light_tracer\light_tracer\material.cpp(135): warning C4244: “参数”: 从“double”转换到“const float”，可能丢失数据
     1>j:\thewaytographic\light_tracer\light_tracer\light_tracer\material.cpp(176): warning C4244: “参数”: 从“double”转换到“const float”，可能丢失数据
     1>j:\thewaytographic\light_tracer\light_tracer\light_tracer\material.cpp(223): warning C4244: “参数”: 从“double”转换到“const float”，可能丢失数据
     1>j:\thewaytographic\light_tracer\light_tracer\light_tracer\material.cpp(224): warning C4244: “参数”: 从“double”转换到“const float”，可能丢失数据
         BRDF.cpp
     1>j:\thewaytographic\light_tracer\light_tracer\light_tracer\utility.h(112): warning C4244: “return”: 从“double”转换到“float”，可能丢失数据
     1>l:\opencv3\opencv\build\include\opencv2\core\mat.hpp(1965): warning C4819: 该文件包含不能在当前代码页(936)中表示的字符。请将该文件保存为 Unicode 格式以防止数据丢失
     1>l:\opencv3\opencv\build\include\opencv2\core\persistence.hpp : warning C4819: 该文件包含不能在当前代码页(936)中表示的字符。请将该文件保存为 Unicode 格式以防止数据丢失
     1>l:\opencv3\opencv\build\include\opencv2\core\utility.hpp : warning C4819: 该文件包含不能在当前代码页(936)中表示的字符。请将该文件保存为 Unicode 格式以防止数据丢失
     1>j:\thewaytographic\light_tracer\light_tracer\light_tracer\brdf.cpp(9): warning C4244: “参数”: 从“const double”转换到“const float”，可能丢失数据
     1>j:\thewaytographic\light_tracer\light_tracer\light_tracer\brdf.cpp(14): warning C4244: “参数”: 从“const double”转换到“const float”，可能丢失数据
     1>j:\thewaytographic\light_tracer\light_tracer\light_tracer\brdf.cpp(40): warning C4244: “参数”: 从“double”转换到“const float”，可能丢失数据
     1>j:\thewaytographic\light_tracer\light_tracer\light_tracer\brdf.cpp(79): warning C4244: “参数”: 从“const double”转换到“const float”，可能丢失数据
     1>j:\thewaytographic\light_tracer\light_tracer\light_tracer\brdf.cpp(79): warning C4244: “参数”: 从“double”转换到“const float”，可能丢失数据
     1>j:\thewaytographic\light_tracer\light_tracer\light_tracer\brdf.cpp(96): warning C4244: “参数”: 从“const double”转换到“const float”，可能丢失数据
     1>j:\thewaytographic\light_tracer\light_tracer\light_tracer\brdf.cpp(101): warning C4244: “参数”: 从“const double”转换到“const float”，可能丢失数据
         正在生成代码...
         正在编译...
         texture.cpp
     1>j:\thewaytographic\light_tracer\light_tracer\light_tracer\utility.h(112): warning C4244: “return”: 从“double”转换到“float”，可能丢失数据
     1>l:\opencv3\opencv\build\include\opencv2\core\mat.hpp(1965): warning C4819: 该文件包含不能在当前代码页(936)中表示的字符。请将该文件保存为 Unicode 格式以防止数据丢失
     1>l:\opencv3\opencv\build\include\opencv2\core\persistence.hpp : warning C4819: 该文件包含不能在当前代码页(936)中表示的字符。请将该文件保存为 Unicode 格式以防止数据丢失
     1>l:\opencv3\opencv\build\include\opencv2\core\utility.hpp : warning C4819: 该文件包含不能在当前代码页(936)中表示的字符。请将该文件保存为 Unicode 格式以防止数据丢失
         正在生成代码...
       Link:
         F:\Program Files\VS12\VC\bin\link.exe /ERRORREPORT:PROMPT /OUT:"J:\TheWaytoGraphic\Light_Tracer\Light_Tracer\Debug\Light_Tracer.exe" /INCREMENTAL /NOLOGO opencv_world300d.lib kernel32.lib user32.lib gdi32.lib winspool.lib comdlg32.lib advapi32.lib shell32.lib ole32.lib oleaut32.lib uuid.lib odbc32.lib odbccp32.lib /MANIFEST /MANIFESTUAC:"level='asInvoker' uiAccess='false'" /manifest:embed /DEBUG /PDB:"J:\TheWaytoGraphic\Light_Tracer\Light_Tracer\Debug\Light_Tracer.pdb" /SUBSYSTEM:CONSOLE /TLBID:1 /DYNAMICBASE /NXCOMPAT /IMPLIB:"J:\TheWaytoGraphic\Light_Tracer\Light_Tracer\Debug\Light_Tracer.lib" /MACHINE:X86 Debug\BRDF.obj
         Debug\BRTF.obj
         Debug\camera.obj
         Debug\GeoObj.obj
         Debug\light.obj
         Debug\Light_Tracer.obj
         Debug\Material.obj
         Debug\Matrix.obj
         Debug\Normal.obj
         Debug\Point2D.obj
         Debug\Point3D.obj
         Debug\ray.obj
         Debug\shaderec.obj
         Debug\stdafx.obj
         Debug\texture.obj
         Debug\tracer.obj
         Debug\utility.obj
         Debug\Vector3D.obj
         Debug\world.obj
         Light_Tracer.vcxproj -> J:\TheWaytoGraphic\Light_Tracer\Light_Tracer\Debug\Light_Tracer.exe
     1>已完成生成项目“J:\TheWaytoGraphic\Light_Tracer\Light_Tracer\Light_Tracer\Light_Tracer.vcxproj”(Build 个目标)的操作。

生成成功。

已用时间 00:00:15.19
