J:\THEWAYTOGRAPHIC\LIGHT_TRACER\LIGHT_TRACER\LIGHT_TRACER\DEBUG\LIGHT_TRACER.PCH
J:\THEWAYTOGRAPHIC\LIGHT_TRACER\LIGHT_TRACER\LIGHT_TRACER\DEBUG\STDAFX.OBJ
J:\THEWAYTOGRAPHIC\LIGHT_TRACER\LIGHT_TRACER\LIGHT_TRACER\DEBUG\VC110.PDB
J:\THEWAYTOGRAPHIC\LIGHT_TRACER\LIGHT_TRACER\LIGHT_TRACER\DEBUG\GEOOBJ.OBJ
J:\THEWAYTOGRAPHIC\LIGHT_TRACER\LIGHT_TRACER\LIGHT_TRACER\DEBUG\LIGHT_TRACER.OBJ
J:\THEWAYTOGRAPHIC\LIGHT_TRACER\LIGHT_TRACER\LIGHT_TRACER\DEBUG\MATRIX.OBJ
J:\THEWAYTOGRAPHIC\LIGHT_TRACER\LIGHT_TRACER\LIGHT_TRACER\DEBUG\NORMAL.OBJ
J:\THEWAYTOGRAPHIC\LIGHT_TRACER\LIGHT_TRACER\LIGHT_TRACER\DEBUG\POINT3D.OBJ
J:\THEWAYTOGRAPHIC\LIGHT_TRACER\LIGHT_TRACER\LIGHT_TRACER\DEBUG\RAY.OBJ
J:\THEWAYTOGRAPHIC\LIGHT_TRACER\LIGHT_TRACER\LIGHT_TRACER\DEBUG\SHADEREC.OBJ
J:\THEWAYTOGRAPHIC\LIGHT_TRACER\LIGHT_TRACER\LIGHT_TRACER\DEBUG\TRACER.OBJ
J:\THEWAYTOGRAPHIC\LIGHT_TRACER\LIGHT_TRACER\LIGHT_TRACER\DEBUG\UTILITY.OBJ
J:\THEWAYTOGRAPHIC\LIGHT_TRACER\LIGHT_TRACER\LIGHT_TRACER\DEBUG\VECTOR3D.OBJ
J:\THEWAYTOGRAPHIC\LIGHT_TRACER\LIGHT_TRACER\LIGHT_TRACER\DEBUG\WORLD.OBJ
J:\THEWAYTOGRAPHIC\LIGHT_TRACER\LIGHT_TRACER\DEBUG\LIGHT_TRACER.ILK
J:\THEWAYTOGRAPHIC\LIGHT_TRACER\LIGHT_TRACER\DEBUG\LIGHT_TRACER.EXE
J:\THEWAYTOGRAPHIC\LIGHT_TRACER\LIGHT_TRACER\DEBUG\LIGHT_TRACER.PDB
J:\TheWaytoGraphic\Light_Tracer\Light_Tracer\Light_Tracer\Debug\GeoObj.obj
J:\TheWaytoGraphic\Light_Tracer\Light_Tracer\Light_Tracer\Debug\Light_Tracer.obj
J:\TheWaytoGraphic\Light_Tracer\Light_Tracer\Light_Tracer\Debug\Matrix.obj
J:\TheWaytoGraphic\Light_Tracer\Light_Tracer\Light_Tracer\Debug\Normal.obj
J:\TheWaytoGraphic\Light_Tracer\Light_Tracer\Light_Tracer\Debug\Point3D.obj
J:\TheWaytoGraphic\Light_Tracer\Light_Tracer\Light_Tracer\Debug\ray.obj
J:\TheWaytoGraphic\Light_Tracer\Light_Tracer\Light_Tracer\Debug\shaderec.obj
J:\TheWaytoGraphic\Light_Tracer\Light_Tracer\Light_Tracer\Debug\stdafx.obj
J:\TheWaytoGraphic\Light_Tracer\Light_Tracer\Light_Tracer\Debug\tracer.obj
J:\TheWaytoGraphic\Light_Tracer\Light_Tracer\Light_Tracer\Debug\utility.obj
J:\TheWaytoGraphic\Light_Tracer\Light_Tracer\Light_Tracer\Debug\Vector3D.obj
J:\TheWaytoGraphic\Light_Tracer\Light_Tracer\Light_Tracer\Debug\world.obj
J:\TheWaytoGraphic\Light_Tracer\Light_Tracer\Light_Tracer\Debug\cl.command.1.tlog
J:\TheWaytoGraphic\Light_Tracer\Light_Tracer\Light_Tracer\Debug\CL.read.1.tlog
J:\TheWaytoGraphic\Light_Tracer\Light_Tracer\Light_Tracer\Debug\CL.write.1.tlog
J:\TheWaytoGraphic\Light_Tracer\Light_Tracer\Light_Tracer\Debug\link-cvtres.read.1.tlog
J:\TheWaytoGraphic\Light_Tracer\Light_Tracer\Light_Tracer\Debug\link-cvtres.write.1.tlog
J:\TheWaytoGraphic\Light_Tracer\Light_Tracer\Light_Tracer\Debug\link-rc.read.1.tlog
J:\TheWaytoGraphic\Light_Tracer\Light_Tracer\Light_Tracer\Debug\link-rc.write.1.tlog
J:\TheWaytoGraphic\Light_Tracer\Light_Tracer\Light_Tracer\Debug\link.16492-cvtres.read.1.tlog
J:\TheWaytoGraphic\Light_Tracer\Light_Tracer\Light_Tracer\Debug\link.16492-cvtres.write.1.tlog
J:\TheWaytoGraphic\Light_Tracer\Light_Tracer\Light_Tracer\Debug\link.16492-rc.read.1.tlog
J:\TheWaytoGraphic\Light_Tracer\Light_Tracer\Light_Tracer\Debug\link.16492-rc.write.1.tlog
J:\TheWaytoGraphic\Light_Tracer\Light_Tracer\Light_Tracer\Debug\link.16492.read.1.tlog
J:\TheWaytoGraphic\Light_Tracer\Light_Tracer\Light_Tracer\Debug\link.16492.write.1.tlog
J:\TheWaytoGraphic\Light_Tracer\Light_Tracer\Light_Tracer\Debug\link.5704-cvtres.read.1.tlog
J:\TheWaytoGraphic\Light_Tracer\Light_Tracer\Light_Tracer\Debug\link.5704-cvtres.write.1.tlog
J:\TheWaytoGraphic\Light_Tracer\Light_Tracer\Light_Tracer\Debug\link.5704-rc.read.1.tlog
J:\TheWaytoGraphic\Light_Tracer\Light_Tracer\Light_Tracer\Debug\link.5704-rc.write.1.tlog
J:\TheWaytoGraphic\Light_Tracer\Light_Tracer\Light_Tracer\Debug\link.5704.read.1.tlog
J:\TheWaytoGraphic\Light_Tracer\Light_Tracer\Light_Tracer\Debug\link.5704.write.1.tlog
J:\TheWaytoGraphic\Light_Tracer\Light_Tracer\Light_Tracer\Debug\link.command.1.tlog
J:\TheWaytoGraphic\Light_Tracer\Light_Tracer\Light_Tracer\Debug\link.read.1.tlog
J:\TheWaytoGraphic\Light_Tracer\Light_Tracer\Light_Tracer\Debug\link.write.1.tlog
J:\TheWaytoGraphic\Light_Tracer\Light_Tracer\Light_Tracer\Debug\Light_Tracer.pch
J:\TheWaytoGraphic\Light_Tracer\Light_Tracer\Light_Tracer\Debug\vc110.idb
J:\TheWaytoGraphic\Light_Tracer\Light_Tracer\Light_Tracer\Debug\vc110.pdb
J:\TheWaytoGraphic\Light_Tracer\Light_Tracer\Debug\Light_Tracer.pdb
J:\TheWaytoGraphic\Light_Tracer\Light_Tracer\Debug\Light_Tracer.exe
J:\TheWaytoGraphic\Light_Tracer\Light_Tracer\Debug\Light_Tracer.ilk
